<?xml version="1.0" encoding="UTF-8"?>
<!-- Generated by org.testng.reporters.JUnitReportReporter -->
<testsuite hostname="DESKTOP-9LLI94A" failures="0" tests="7" name="com.qa.testcases.SignupTestcase" time="66.362" errors="0" timestamp="2022-09-23T12:14:41 IST" skipped="0">
  <testcase classname="com.qa.testcases.SignupTestcase" name="SignupPageTitleTest" time="31.372"/>
  <system-out/>
  <testcase classname="com.qa.testcases.SignupTestcase" name="FirstnameTest" time="6.427"/>
  <system-out/>
  <testcase classname="com.qa.testcases.SignupTestcase" name="LastnameTest" time="5.463"/>
  <system-out/>
  <testcase classname="com.qa.testcases.SignupTestcase" name="EmailTest" time="5.942"/>
  <system-out/>
  <testcase classname="com.qa.testcases.SignupTestcase" name="PasswordTest" time="5.160"/>
  <system-out/>
  <testcase classname="com.qa.testcases.SignupTestcase" name="SignupbuttonTest" time="5.255"/>
  <system-out/>
  <testcase classname="com.qa.testcases.SignupTestcase" name="LoginpageTest" time="6.743"/>
  <system-out/>
</testsuite> <!-- com.qa.testcases.SignupTestcase -->
