<?xml version="1.0" encoding="UTF-8"?>
<!-- Generated by org.testng.reporters.JUnitReportReporter -->
<testsuite hostname="DESKTOP-9LLI94A" failures="0" tests="2" name="com.qa.testcases.HomePageTest" time="21.105" errors="0" timestamp="2022-09-23T12:14:41 IST" skipped="0">
  <testcase classname="com.qa.testcases.HomePageTest" name="SearchboxTest" time="10.246"/>
  <system-out/>
  <testcase classname="com.qa.testcases.HomePageTest" name="addpictureTest" time="10.859"/>
  <system-out/>
</testsuite> <!-- com.qa.testcases.HomePageTest -->
