<?xml version="1.0" encoding="UTF-8"?>
<!-- Generated by org.testng.reporters.JUnitReportReporter -->
<testsuite hostname="DESKTOP-9LLI94A" failures="0" tests="2" name="com.qa.testcases.HomePageTest" time="25.745" errors="0" timestamp="2022-09-22T09:24:16 IST" skipped="0">
  <testcase classname="com.qa.testcases.HomePageTest" name="SearchboxTest" time="15.518"/>
  <system-out/>
  <testcase classname="com.qa.testcases.HomePageTest" name="addpictureTest" time="10.227"/>
  <system-out/>
</testsuite> <!-- com.qa.testcases.HomePageTest -->
