<?xml version="1.0" encoding="UTF-8"?>
<!-- Generated by org.testng.reporters.JUnitReportReporter -->
<testsuite hostname="DESKTOP-9LLI94A" failures="0" tests="7" name="com.qa.testcases.SignupTestcase" time="62.388" errors="0" timestamp="2022-09-21T16:44:58 IST" skipped="0">
  <testcase classname="com.qa.testcases.SignupTestcase" name="SignupPageTitleTest" time="8.835"/>
  <system-out/>
  <testcase classname="com.qa.testcases.SignupTestcase" name="FirstnameTest" time="6.650"/>
  <system-out/>
  <testcase classname="com.qa.testcases.SignupTestcase" name="LastnameTest" time="6.683"/>
  <system-out/>
  <testcase classname="com.qa.testcases.SignupTestcase" name="EmailTest" time="11.026"/>
  <system-out/>
  <testcase classname="com.qa.testcases.SignupTestcase" name="PasswordTest" time="9.278"/>
  <system-out/>
  <testcase classname="com.qa.testcases.SignupTestcase" name="SignupbuttonTest" time="9.452"/>
  <system-out/>
  <testcase classname="com.qa.testcases.SignupTestcase" name="LoginpageTest" time="10.464"/>
  <system-out/>
</testsuite> <!-- com.qa.testcases.SignupTestcase -->
