<?xml version="1.0" encoding="UTF-8"?>
<!-- Generated by org.testng.reporters.JUnitReportReporter -->
<testsuite hostname="DESKTOP-9LLI94A" failures="0" tests="5" name="com.qa.testcases.LoginTestcase" time="26.265" errors="0" timestamp="2022-09-23T12:14:41 IST" skipped="0">
  <testcase classname="com.qa.testcases.LoginTestcase" name="loginPageTitleTest" time="4.156"/>
  <system-out/>
  <testcase classname="com.qa.testcases.LoginTestcase" name="FBLogoTest" time="3.892"/>
  <system-out/>
  <testcase classname="com.qa.testcases.LoginTestcase" name="FBemailTest" time="6.061"/>
  <system-out/>
  <testcase classname="com.qa.testcases.LoginTestcase" name="loginTest" time="7.664"/>
  <system-out/>
  <testcase classname="com.qa.testcases.LoginTestcase" name="registerTest" time="4.492"/>
  <system-out/>
</testsuite> <!-- com.qa.testcases.LoginTestcase -->
